[debug] [2024-12-10T01:16:19.922Z] ----------------------------------------------------------------------
[debug] [2024-12-10T01:16:19.932Z] Command:       /Users/s2230292/.volta/tools/image/node/20.15.1/bin/node /Users/s2230292/.volta/tools/image/packages/firebase-tools/bin/firebase
[debug] [2024-12-10T01:16:19.933Z] CLI Version:   13.27.0
[debug] [2024-12-10T01:16:19.933Z] Platform:      darwin
[debug] [2024-12-10T01:16:19.934Z] Node Version:  v20.15.1
[debug] [2024-12-10T01:16:19.934Z] Time:          Tue Dec 10 2024 10:16:19 GMT+0900 (Japan Standard Time)
[debug] [2024-12-10T01:16:19.934Z] ----------------------------------------------------------------------
[debug] 
[debug] [2024-12-10T01:16:19.945Z] >>> [apiv2][query] GET https://firebase-public.firebaseio.com/cli.json [none]
[debug] [2024-12-10T01:16:20.042Z] TypeError: Cannot read properties of undefined (reading '0')
    at Command.<anonymous> (/Users/s2230292/.volta/tools/image/packages/firebase-tools/lib/node_modules/firebase-tools/lib/index.js:58:21)
    at Command.listener [as _actionHandler] (/Users/s2230292/.volta/tools/image/packages/firebase-tools/lib/node_modules/firebase-tools/node_modules/commander/index.js:413:31)
    at Command._parseCommand (/Users/s2230292/.volta/tools/image/packages/firebase-tools/lib/node_modules/firebase-tools/node_modules/commander/index.js:914:14)
    at Command.parse (/Users/s2230292/.volta/tools/image/packages/firebase-tools/lib/node_modules/firebase-tools/node_modules/commander/index.js:717:10)
    at Object.<anonymous> (/Users/s2230292/.volta/tools/image/packages/firebase-tools/lib/node_modules/firebase-tools/lib/bin/firebase.js:129:22)
    at Module._compile (node:internal/modules/cjs/loader:1358:14)
    at Module._extensions..js (node:internal/modules/cjs/loader:1416:10)
    at Module.load (node:internal/modules/cjs/loader:1208:32)
    at Module._load (node:internal/modules/cjs/loader:1024:12)
    at Function.executeUserEntryPoint [as runMain] (node:internal/modules/run_main:174:12)
[error] 
[error] Error: An unexpected error has occurred.
